#
# There is insufficient memory for the Java Runtime Environment to continue.
# Native memory allocation (mmap) failed to map 620756992 bytes for G1 virtual space
# Possible reasons:
#   The system is out of physical RAM or swap space
#   The process is running with CompressedOops enabled, and the Java Heap may be blocking the growth of the native heap
# Possible solutions:
#   Reduce memory load on the system
#   Increase physical memory or swap space
#   Check if swap backing store is full
#   Decrease Java heap size (-Xmx/-Xms)
#   Decrease number of Java threads
#   Decrease Java thread stack sizes (-Xss)
#   Set larger code cache with -XX:ReservedCodeCacheSize=
#   JVM is running with Zero Based Compressed Oops mode in which the Java heap is
#     placed in the first 32GB address space. The Java Heap base address is the
#     maximum limit for the native heap growth. Please use -XX:HeapBaseMinAddress
#     to set the Java Heap base and to place the Java Heap above 32GB virtual address.
# This output file may be truncated or incomplete.
#
#  Out of Memory Error (os_windows.cpp:3469), pid=27060, tid=15704
#
# JRE version: Java(TM) SE Runtime Environment (17.0.1+12) (build 17.0.1+12-LTS-39)
# Java VM: Java HotSpot(TM) 64-Bit Server VM (17.0.1+12-LTS-39, mixed mode, sharing, tiered, compressed oops, compressed class ptrs, g1 gc, windows-amd64)
# No core dump will be written. Minidumps are not enabled by default on client versions of Windows
#

---------------  S U M M A R Y ------------

Command Line: org.languagetool.server.HTTPServer -p 8087

Host: AMD Ryzen 7 5700U with Radeon Graphics         , 16 cores, 15G,  Windows 10 , 64 bit Build 22621 (10.0.22621.3672)
Time: Sun Jun 16 00:15:59 2024 India Standard Time elapsed time: 9.781520 seconds (0d 0h 0m 9s)

---------------  T H R E A D  ---------------

Current thread (0x0000022499d20150):  VMThread "VM Thread" [stack: 0x0000002d7ba00000,0x0000002d7bb00000] [id=15704]

Stack: [0x0000002d7ba00000,0x0000002d7bb00000]
Native frames: (J=compiled Java code, j=interpreted, Vv=VM code, C=native code)
V  [jvm.dll+0x66fa1a]
V  [jvm.dll+0x7ce5a4]
V  [jvm.dll+0x7cfd4e]
V  [jvm.dll+0x7d03b3]
V  [jvm.dll+0x242b05]
V  [jvm.dll+0x66ca39]
V  [jvm.dll+0x661502]
V  [jvm.dll+0x30081b]
V  [jvm.dll+0x307da6]
V  [jvm.dll+0x357a1e]
V  [jvm.dll+0x357c4f]
V  [jvm.dll+0x2d7ad8]
V  [jvm.dll+0x2d5da4]
V  [jvm.dll+0x2d53ac]
V  [jvm.dll+0x318d0b]
V  [jvm.dll+0x7d484b]
V  [jvm.dll+0x7d5584]
V  [jvm.dll+0x7d5a9c]
V  [jvm.dll+0x7d5e74]
V  [jvm.dll+0x7d5f40]
V  [jvm.dll+0x77e91a]
V  [jvm.dll+0x66e845]
C  [ucrtbase.dll+0x29333]
C  [KERNEL32.DLL+0x1257d]
C  [ntdll.dll+0x5af28]

VM_Operation (0x0000002d7b4feb60): G1CollectForAllocation, mode: safepoint, requested by thread 0x00000224f6aa69d0


---------------  P R O C E S S  ---------------

Threads class SMR info:
_java_thread_list=0x000002249b682580, length=24, elements={
0x00000224f6aa69d0, 0x0000022499d24080, 0x0000022499d24cf0, 0x000002249a80aa80,
0x000002249a80b430, 0x000002249a80bde0, 0x000002249a80c790, 0x000002249a80e9a0,
0x000002249a80fb60, 0x000002249a814490, 0x000002249a8c5ae0, 0x000002249a998b90,
0x000002249a99e4b0, 0x000002249b3a4690, 0x000002249b63e300, 0x000002249b7c7100,
0x000002249b41fae0, 0x000002249bcc1470, 0x000002249d5482c0, 0x000002249b95b250,
0x000002249c017c30, 0x000002249d027860, 0x000002249bfb12b0, 0x000002249bac3780
}

Java Threads: ( => current thread )
  0x00000224f6aa69d0 JavaThread "main" [_thread_blocked, id=9340, stack(0x0000002d7b400000,0x0000002d7b500000)]
  0x0000022499d24080 JavaThread "Reference Handler" daemon [_thread_blocked, id=2056, stack(0x0000002d7bb00000,0x0000002d7bc00000)]
  0x0000022499d24cf0 JavaThread "Finalizer" daemon [_thread_blocked, id=12428, stack(0x0000002d7bc00000,0x0000002d7bd00000)]
  0x000002249a80aa80 JavaThread "Signal Dispatcher" daemon [_thread_blocked, id=26428, stack(0x0000002d7bd00000,0x0000002d7be00000)]
  0x000002249a80b430 JavaThread "Attach Listener" daemon [_thread_blocked, id=6520, stack(0x0000002d7be00000,0x0000002d7bf00000)]
  0x000002249a80bde0 JavaThread "Service Thread" daemon [_thread_blocked, id=24268, stack(0x0000002d7bf00000,0x0000002d7c000000)]
  0x000002249a80c790 JavaThread "Monitor Deflation Thread" daemon [_thread_blocked, id=18472, stack(0x0000002d7c000000,0x0000002d7c100000)]
  0x000002249a80e9a0 JavaThread "C2 CompilerThread0" daemon [_thread_blocked, id=21800, stack(0x0000002d7c100000,0x0000002d7c200000)]
  0x000002249a80fb60 JavaThread "C1 CompilerThread0" daemon [_thread_blocked, id=24188, stack(0x0000002d7c200000,0x0000002d7c300000)]
  0x000002249a814490 JavaThread "Sweeper thread" daemon [_thread_blocked, id=25092, stack(0x0000002d7c300000,0x0000002d7c400000)]
  0x000002249a8c5ae0 JavaThread "C1 CompilerThread1" daemon [_thread_blocked, id=26512, stack(0x0000002d7c400000,0x0000002d7c500000)]
  0x000002249a998b90 JavaThread "Notification Thread" daemon [_thread_blocked, id=22700, stack(0x0000002d7c500000,0x0000002d7c600000)]
  0x000002249a99e4b0 JavaThread "Common-Cleaner" daemon [_thread_blocked, id=1076, stack(0x0000002d7c700000,0x0000002d7c800000)]
  0x000002249b3a4690 JavaThread "LtThreadPoolMonitor" daemon [_thread_blocked, id=24124, stack(0x0000002d7d200000,0x0000002d7d300000)]
  0x000002249b63e300 JavaThread "LtThreadPoolExecutorMonitor" daemon [_thread_blocked, id=21696, stack(0x0000002d7d300000,0x0000002d7d400000)]
  0x000002249b7c7100 JavaThread "C2 CompilerThread1" daemon [_thread_blocked, id=10248, stack(0x0000002d7c900000,0x0000002d7ca00000)]
  0x000002249b41fae0 JavaThread "C2 CompilerThread2" daemon [_thread_blocked, id=11396, stack(0x0000002d7d100000,0x0000002d7d200000)]
  0x000002249bcc1470 JavaThread "C1 CompilerThread2" daemon [_thread_blocked, id=19968, stack(0x0000002d7e100000,0x0000002d7e200000)]
  0x000002249d5482c0 JavaThread "C1 CompilerThread3" daemon [_thread_blocked, id=2532, stack(0x0000002d7e200000,0x0000002d7e300000)]
  0x000002249b95b250 JavaThread "C2 CompilerThread3" daemon [_thread_blocked, id=10444, stack(0x0000002d7e300000,0x0000002d7e400000)]
  0x000002249c017c30 JavaThread "C2 CompilerThread4" daemon [_thread_blocked, id=22804, stack(0x0000002d7e400000,0x0000002d7e500000)]
  0x000002249d027860 JavaThread "C2 CompilerThread5" daemon [_thread_blocked, id=3360, stack(0x0000002d7e500000,0x0000002d7e600000)]
  0x000002249bfb12b0 JavaThread "C2 CompilerThread6" daemon [_thread_blocked, id=6688, stack(0x0000002d7e600000,0x0000002d7e700000)]
  0x000002249bac3780 JavaThread "C2 CompilerThread7" daemon [_thread_blocked, id=18088, stack(0x0000002d7e700000,0x0000002d7e800000)]

Other Threads:
=>0x0000022499d20150 VMThread "VM Thread" [stack: 0x0000002d7ba00000,0x0000002d7bb00000] [id=15704]
  0x000002249a99e080 WatcherThread [stack: 0x0000002d7c600000,0x0000002d7c700000] [id=22864]
  0x00000224f6af23a0 GCTaskThread "GC Thread#0" [stack: 0x0000002d7b500000,0x0000002d7b600000] [id=4988]
  0x000002249b532a20 GCTaskThread "GC Thread#1" [stack: 0x0000002d7cb00000,0x0000002d7cc00000] [id=22432]
  0x000002249b5a3500 GCTaskThread "GC Thread#2" [stack: 0x0000002d7cc00000,0x0000002d7cd00000] [id=8288]
  0x000002249b5965a0 GCTaskThread "GC Thread#3" [stack: 0x0000002d7cd00000,0x0000002d7ce00000] [id=16736]
  0x000002249b596850 GCTaskThread "GC Thread#4" [stack: 0x0000002d7ce00000,0x0000002d7cf00000] [id=8656]
  0x000002249b7eb980 GCTaskThread "GC Thread#5" [stack: 0x0000002d7cf00000,0x0000002d7d000000] [id=23344]
  0x000002249b117480 GCTaskThread "GC Thread#6" [stack: 0x0000002d7d000000,0x0000002d7d100000] [id=400]
  0x000002249b708020 GCTaskThread "GC Thread#7" [stack: 0x0000002d7d600000,0x0000002d7d700000] [id=26084]
  0x000002249b541560 GCTaskThread "GC Thread#8" [stack: 0x0000002d7d700000,0x0000002d7d800000] [id=22812]
  0x000002249b541810 GCTaskThread "GC Thread#9" [stack: 0x0000002d7d800000,0x0000002d7d900000] [id=21536]
  0x00000224f6b038c0 ConcurrentGCThread "G1 Main Marker" [stack: 0x0000002d7b600000,0x0000002d7b700000] [id=21676]
  0x00000224f6b042d0 ConcurrentGCThread "G1 Conc#0" [stack: 0x0000002d7b700000,0x0000002d7b800000] [id=3668]
  0x00000224f6b6ec50 ConcurrentGCThread "G1 Refine#0" [stack: 0x0000002d7b800000,0x0000002d7b900000] [id=8384]
  0x000002249b543900 ConcurrentGCThread "G1 Refine#1" [stack: 0x0000002d7c800000,0x0000002d7c900000] [id=27264]
  0x000002249b544480 ConcurrentGCThread "G1 Refine#2" [stack: 0x0000002d7ca00000,0x0000002d7cb00000] [id=26148]
  0x000002249b544760 ConcurrentGCThread "G1 Refine#3" [stack: 0x0000002d7d400000,0x0000002d7d500000] [id=1692]
  0x000002249b544a40 ConcurrentGCThread "G1 Refine#4" [stack: 0x0000002d7d500000,0x0000002d7d600000] [id=18996]
  0x000002249b542d80 ConcurrentGCThread "G1 Refine#5" [stack: 0x0000002d7d900000,0x0000002d7da00000] [id=27028]
  0x000002249b543060 ConcurrentGCThread "G1 Refine#6" [stack: 0x0000002d7da00000,0x0000002d7db00000] [id=24204]
  0x000002249b543340 ConcurrentGCThread "G1 Refine#7" [stack: 0x0000002d7db00000,0x0000002d7dc00000] [id=8116]
  0x000002249b543be0 ConcurrentGCThread "G1 Refine#8" [stack: 0x0000002d7dc00000,0x0000002d7dd00000] [id=27528]
  0x000002249b5441a0 ConcurrentGCThread "G1 Refine#9" [stack: 0x0000002d7dd00000,0x0000002d7de00000] [id=16200]
  0x000002249bcbf380 ConcurrentGCThread "G1 Refine#10" [stack: 0x0000002d7de00000,0x0000002d7df00000] [id=20400]
  0x000002249bcbe520 ConcurrentGCThread "G1 Refine#11" [stack: 0x0000002d7df00000,0x0000002d7e000000] [id=4564]
  0x000002249bcbeae0 ConcurrentGCThread "G1 Refine#12" [stack: 0x0000002d7e000000,0x0000002d7e100000] [id=10376]
  0x0000022499bdac20 ConcurrentGCThread "G1 Service" [stack: 0x0000002d7b900000,0x0000002d7ba00000] [id=23640]

Threads with active compile tasks:

VM state: at safepoint (normal execution)

VM Mutex/Monitor currently owned by a thread:  ([mutex/lock_event])
[0x00000224f6aa35a0] Threads_lock - owner thread: 0x0000022499d20150
[0x00000224f6aa3510] Heap_lock - owner thread: 0x00000224f6aa69d0

Heap address: 0x000000070a200000, size: 3934 MB, Compressed Oops mode: Zero based, Oop shift amount: 3

CDS archive(s) mapped at: [0x0000000800000000-0x0000000800bc0000-0x0000000800bc0000), size 12320768, SharedBaseAddress: 0x0000000800000000, ArchiveRelocationMode: 0.
Compressed class space mapped at: 0x0000000800c00000-0x0000000840c00000, reserved size: 1073741824
Narrow klass base: 0x0000000800000000, Narrow klass shift: 0, Narrow klass range: 0x100000000

GC Precious Log:
 CPUs: 16 total, 16 available
 Memory: 15734M
 Large Page Support: Disabled
 NUMA Support: Disabled
 Compressed Oops: Enabled (Zero based)
 Heap Region Size: 2M
 Heap Min Capacity: 8M
 Heap Initial Capacity: 246M
 Heap Max Capacity: 3934M
 Pre-touch: Disabled
 Parallel Workers: 13
 Concurrent Workers: 3
 Concurrent Refinement Workers: 13
 Periodic GC: Disabled

Heap:
 garbage-first heap   total 303104K, used 67315K [0x000000070a200000, 0x0000000800000000)
  region size 2048K, 10 young (20480K), 10 survivors (20480K)
 Metaspace       used 10448K, committed 10688K, reserved 1064960K
  class space    used 1209K, committed 1344K, reserved 1048576K

Heap Regions: E=young(eden), S=young(survivor), O=old, HS=humongous(starts), HC=humongous(continues), CS=collection set, F=free, OA=open archive, CA=closed archive, TAMS=top-at-mark-start (previous, next)
|   0|0x000000070a200000, 0x000000070a400000, 0x000000070a400000|100%| O|  |TAMS 0x000000070a200000, 0x000000070a200000| Untracked 
|   1|0x000000070a400000, 0x000000070a600000, 0x000000070a600000|100%| O|  |TAMS 0x000000070a400000, 0x000000070a400000| Untracked 
|   2|0x000000070a600000, 0x000000070a800000, 0x000000070a800000|100%| O|  |TAMS 0x000000070a600000, 0x000000070a600000| Untracked 
|   3|0x000000070a800000, 0x000000070aa00000, 0x000000070aa00000|100%| O|  |TAMS 0x000000070a800000, 0x000000070a800000| Untracked 
|   4|0x000000070aa00000, 0x000000070ac00000, 0x000000070ac00000|100%|HS|  |TAMS 0x000000070aa00000, 0x000000070aa00000| Complete 
|   5|0x000000070ac00000, 0x000000070ae00000, 0x000000070ae00000|100%| O|  |TAMS 0x000000070ac00000, 0x000000070ac00000| Untracked 
|   6|0x000000070ae00000, 0x000000070b000000, 0x000000070b000000|100%| O|  |TAMS 0x000000070ae00000, 0x000000070ae00000| Untracked 
|   7|0x000000070b000000, 0x000000070b200000, 0x000000070b200000|100%| O|  |TAMS 0x000000070b000000, 0x000000070b000000| Untracked 
|   8|0x000000070b200000, 0x000000070b400000, 0x000000070b400000|100%| O|  |TAMS 0x000000070b200000, 0x000000070b200000| Untracked 
|   9|0x000000070b400000, 0x000000070b600000, 0x000000070b600000|100%| O|  |TAMS 0x000000070b400000, 0x000000070b400000| Untracked 
|  10|0x000000070b600000, 0x000000070b800000, 0x000000070b800000|100%| O|  |TAMS 0x000000070b600000, 0x000000070b600000| Untracked 
|  11|0x000000070b800000, 0x000000070ba00000, 0x000000070ba00000|100%| O|  |TAMS 0x000000070b800000, 0x000000070b800000| Untracked 
|  12|0x000000070ba00000, 0x000000070bc00000, 0x000000070bc00000|100%| O|  |TAMS 0x000000070ba00000, 0x000000070ba00000| Untracked 
|  13|0x000000070bc00000, 0x000000070be00000, 0x000000070be00000|100%| O|  |TAMS 0x000000070bc00000, 0x000000070bc00000| Untracked 
|  14|0x000000070be00000, 0x000000070c000000, 0x000000070c000000|100%| O|  |TAMS 0x000000070be00000, 0x000000070be00000| Untracked 
|  15|0x000000070c000000, 0x000000070c200000, 0x000000070c200000|100%|HS|  |TAMS 0x000000070c000000, 0x000000070c000000| Complete 
|  16|0x000000070c200000, 0x000000070c400000, 0x000000070c400000|100%|HC|  |TAMS 0x000000070c200000, 0x000000070c200000| Complete 
|  17|0x000000070c400000, 0x000000070c600000, 0x000000070c600000|100%| O|  |TAMS 0x000000070c400000, 0x000000070c400000| Untracked 
|  18|0x000000070c600000, 0x000000070c800000, 0x000000070c800000|100%| O|  |TAMS 0x000000070c600000, 0x000000070c600000| Untracked 
|  19|0x000000070c800000, 0x000000070ca00000, 0x000000070ca00000|100%| O|  |TAMS 0x000000070c800000, 0x000000070c800000| Untracked 
|  20|0x000000070ca00000, 0x000000070cc00000, 0x000000070cc00000|100%| O|  |TAMS 0x000000070ca00000, 0x000000070ca00000| Untracked 
|  21|0x000000070cc00000, 0x000000070ce00000, 0x000000070ce00000|100%| O|  |TAMS 0x000000070cc00000, 0x000000070cc00000| Untracked 
|  22|0x000000070ce00000, 0x000000070d000000, 0x000000070d000000|100%| O|  |TAMS 0x000000070ce00000, 0x000000070ce00000| Untracked 
|  23|0x000000070d000000, 0x000000070d072c00, 0x000000070d200000| 22%| O|  |TAMS 0x000000070d000000, 0x000000070d000000| Untracked 
|  24|0x000000070d200000, 0x000000070d200000, 0x000000070d400000|  0%| F|  |TAMS 0x000000070d200000, 0x000000070d200000| Untracked 
|  25|0x000000070d400000, 0x000000070d400000, 0x000000070d600000|  0%| F|  |TAMS 0x000000070d400000, 0x000000070d400000| Untracked 
|  26|0x000000070d600000, 0x000000070d600000, 0x000000070d800000|  0%| F|  |TAMS 0x000000070d600000, 0x000000070d600000| Untracked 
|  27|0x000000070d800000, 0x000000070d800000, 0x000000070da00000|  0%| F|  |TAMS 0x000000070d800000, 0x000000070d800000| Untracked 
|  28|0x000000070da00000, 0x000000070da00000, 0x000000070dc00000|  0%| F|  |TAMS 0x000000070da00000, 0x000000070da00000| Untracked 
|  29|0x000000070dc00000, 0x000000070dc00000, 0x000000070de00000|  0%| F|  |TAMS 0x000000070dc00000, 0x000000070dc00000| Untracked 
|  30|0x000000070de00000, 0x000000070de00000, 0x000000070e000000|  0%| F|  |TAMS 0x000000070de00000, 0x000000070de00000| Untracked 
|  31|0x000000070e000000, 0x000000070e000000, 0x000000070e200000|  0%| F|  |TAMS 0x000000070e000000, 0x000000070e000000| Untracked 
|  32|0x000000070e200000, 0x000000070e200000, 0x000000070e400000|  0%| F|  |TAMS 0x000000070e200000, 0x000000070e200000| Untracked 
|  33|0x000000070e400000, 0x000000070e400000, 0x000000070e600000|  0%| F|  |TAMS 0x000000070e400000, 0x000000070e400000| Untracked 
|  34|0x000000070e600000, 0x000000070e600000, 0x000000070e800000|  0%| F|  |TAMS 0x000000070e600000, 0x000000070e600000| Untracked 
|  35|0x000000070e800000, 0x000000070e800000, 0x000000070ea00000|  0%| F|  |TAMS 0x000000070e800000, 0x000000070e800000| Untracked 
|  36|0x000000070ea00000, 0x000000070ea00000, 0x000000070ec00000|  0%| F|  |TAMS 0x000000070ea00000, 0x000000070ea00000| Untracked 
|  37|0x000000070ec00000, 0x000000070ec00000, 0x000000070ee00000|  0%| F|  |TAMS 0x000000070ec00000, 0x000000070ec00000| Untracked 
|  38|0x000000070ee00000, 0x000000070ee00000, 0x000000070f000000|  0%| F|  |TAMS 0x000000070ee00000, 0x000000070ee00000| Untracked 
|  39|0x000000070f000000, 0x000000070f000000, 0x000000070f200000|  0%| F|  |TAMS 0x000000070f000000, 0x000000070f000000| Untracked 
|  40|0x000000070f200000, 0x000000070f200000, 0x000000070f400000|  0%| F|  |TAMS 0x000000070f200000, 0x000000070f200000| Untracked 
|  41|0x000000070f400000, 0x000000070f400000, 0x000000070f600000|  0%| F|  |TAMS 0x000000070f400000, 0x000000070f400000| Untracked 
|  42|0x000000070f600000, 0x000000070f600000, 0x000000070f800000|  0%| F|  |TAMS 0x000000070f600000, 0x000000070f600000| Untracked 
|  43|0x000000070f800000, 0x000000070f800000, 0x000000070fa00000|  0%| F|  |TAMS 0x000000070f800000, 0x000000070f800000| Untracked 
|  44|0x000000070fa00000, 0x000000070fa00000, 0x000000070fc00000|  0%| F|  |TAMS 0x000000070fa00000, 0x000000070fa00000| Untracked 
|  45|0x000000070fc00000, 0x000000070fc00000, 0x000000070fe00000|  0%| F|  |TAMS 0x000000070fc00000, 0x000000070fc00000| Untracked 
|  46|0x000000070fe00000, 0x000000070fe00000, 0x0000000710000000|  0%| F|  |TAMS 0x000000070fe00000, 0x000000070fe00000| Untracked 
|  47|0x0000000710000000, 0x0000000710000000, 0x0000000710200000|  0%| F|  |TAMS 0x0000000710000000, 0x0000000710000000| Untracked 
|  48|0x0000000710200000, 0x0000000710200000, 0x0000000710400000|  0%| F|  |TAMS 0x0000000710200000, 0x0000000710200000| Untracked 
|  49|0x0000000710400000, 0x0000000710400000, 0x0000000710600000|  0%| F|  |TAMS 0x0000000710400000, 0x0000000710400000| Untracked 
|  50|0x0000000710600000, 0x000000071074a000, 0x0000000710800000| 64%| S|CS|TAMS 0x0000000710600000, 0x0000000710600000| Complete 
|  51|0x0000000710800000, 0x0000000710a00000, 0x0000000710a00000|100%| S|CS|TAMS 0x0000000710800000, 0x0000000710800000| Complete 
|  52|0x0000000710a00000, 0x0000000710c00000, 0x0000000710c00000|100%| S|CS|TAMS 0x0000000710a00000, 0x0000000710a00000| Complete 
|  53|0x0000000710c00000, 0x0000000710e00000, 0x0000000710e00000|100%| S|CS|TAMS 0x0000000710c00000, 0x0000000710c00000| Complete 
|  54|0x0000000710e00000, 0x0000000711000000, 0x0000000711000000|100%| S|CS|TAMS 0x0000000710e00000, 0x0000000710e00000| Complete 
|  55|0x0000000711000000, 0x0000000711200000, 0x0000000711200000|100%| S|CS|TAMS 0x0000000711000000, 0x0000000711000000| Complete 
|  56|0x0000000711200000, 0x0000000711400000, 0x0000000711400000|100%| S|CS|TAMS 0x0000000711200000, 0x0000000711200000| Complete 
|  57|0x0000000711400000, 0x0000000711600000, 0x0000000711600000|100%| S|CS|TAMS 0x0000000711400000, 0x0000000711400000| Complete 
|  58|0x0000000711600000, 0x0000000711800000, 0x0000000711800000|100%| S|CS|TAMS 0x0000000711600000, 0x0000000711600000| Complete 
|  59|0x0000000711800000, 0x0000000711a00000, 0x0000000711a00000|100%| S|CS|TAMS 0x0000000711800000, 0x0000000711800000| Complete 
|  60|0x0000000711a00000, 0x0000000711a00000, 0x0000000711c00000|  0%| F|  |TAMS 0x0000000711a00000, 0x0000000711a00000| Untracked 
|  61|0x0000000711c00000, 0x0000000711c00000, 0x0000000711e00000|  0%| F|  |TAMS 0x0000000711c00000, 0x0000000711c00000| Untracked 
|  62|0x0000000711e00000, 0x0000000711e00000, 0x0000000712000000|  0%| F|  |TAMS 0x0000000711e00000, 0x0000000711e00000| Untracked 
|  63|0x0000000712000000, 0x0000000712000000, 0x0000000712200000|  0%| F|  |TAMS 0x0000000712000000, 0x0000000712000000| Untracked 
|  64|0x0000000712200000, 0x0000000712200000, 0x0000000712400000|  0%| F|  |TAMS 0x0000000712200000, 0x0000000712200000| Untracked 
|  65|0x0000000712400000, 0x0000000712400000, 0x0000000712600000|  0%| F|  |TAMS 0x0000000712400000, 0x0000000712400000| Untracked 
|  66|0x0000000712600000, 0x0000000712600000, 0x0000000712800000|  0%| F|  |TAMS 0x0000000712600000, 0x0000000712600000| Untracked 
|  67|0x0000000712800000, 0x0000000712800000, 0x0000000712a00000|  0%| F|  |TAMS 0x0000000712800000, 0x0000000712800000| Untracked 
|  68|0x0000000712a00000, 0x0000000712a00000, 0x0000000712c00000|  0%| F|  |TAMS 0x0000000712a00000, 0x0000000712a00000| Untracked 
|  69|0x0000000712c00000, 0x0000000712c00000, 0x0000000712e00000|  0%| F|  |TAMS 0x0000000712c00000, 0x0000000712c00000| Untracked 
|  70|0x0000000712e00000, 0x0000000712e00000, 0x0000000713000000|  0%| F|  |TAMS 0x0000000712e00000, 0x0000000712e00000| Untracked 
|  71|0x0000000713000000, 0x0000000713000000, 0x0000000713200000|  0%| F|  |TAMS 0x0000000713000000, 0x0000000713000000| Untracked 
|  72|0x0000000713200000, 0x0000000713200000, 0x0000000713400000|  0%| F|  |TAMS 0x0000000713200000, 0x0000000713200000| Untracked 
|  73|0x0000000713400000, 0x0000000713400000, 0x0000000713600000|  0%| F|  |TAMS 0x0000000713400000, 0x0000000713400000| Untracked 
|  74|0x0000000713600000, 0x0000000713600000, 0x0000000713800000|  0%| F|  |TAMS 0x0000000713600000, 0x0000000713600000| Untracked 
|  75|0x0000000713800000, 0x0000000713800000, 0x0000000713a00000|  0%| F|  |TAMS 0x0000000713800000, 0x0000000713800000| Untracked 
|  76|0x0000000713a00000, 0x0000000713a00000, 0x0000000713c00000|  0%| F|  |TAMS 0x0000000713a00000, 0x0000000713a00000| Untracked 
|  77|0x0000000713c00000, 0x0000000713c00000, 0x0000000713e00000|  0%| F|  |TAMS 0x0000000713c00000, 0x0000000713c00000| Untracked 
|  78|0x0000000713e00000, 0x0000000713e00000, 0x0000000714000000|  0%| F|  |TAMS 0x0000000713e00000, 0x0000000713e00000| Untracked 
|  79|0x0000000714000000, 0x0000000714000000, 0x0000000714200000|  0%| F|  |TAMS 0x0000000714000000, 0x0000000714000000| Untracked 
|  80|0x0000000714200000, 0x0000000714200000, 0x0000000714400000|  0%| F|  |TAMS 0x0000000714200000, 0x0000000714200000| Untracked 
|  81|0x0000000714400000, 0x0000000714400000, 0x0000000714600000|  0%| F|  |TAMS 0x0000000714400000, 0x0000000714400000| Untracked 
|  82|0x0000000714600000, 0x0000000714600000, 0x0000000714800000|  0%| F|  |TAMS 0x0000000714600000, 0x0000000714600000| Untracked 
|  83|0x0000000714800000, 0x0000000714800000, 0x0000000714a00000|  0%| F|  |TAMS 0x0000000714800000, 0x0000000714800000| Untracked 
|  84|0x0000000714a00000, 0x0000000714a00000, 0x0000000714c00000|  0%| F|  |TAMS 0x0000000714a00000, 0x0000000714a00000| Untracked 
|  85|0x0000000714c00000, 0x0000000714c00000, 0x0000000714e00000|  0%| F|  |TAMS 0x0000000714c00000, 0x0000000714c00000| Untracked 
|  86|0x0000000714e00000, 0x0000000714e00000, 0x0000000715000000|  0%| F|  |TAMS 0x0000000714e00000, 0x0000000714e00000| Untracked 
|  87|0x0000000715000000, 0x0000000715000000, 0x0000000715200000|  0%| F|  |TAMS 0x0000000715000000, 0x0000000715000000| Untracked 
|  88|0x0000000715200000, 0x0000000715200000, 0x0000000715400000|  0%| F|  |TAMS 0x0000000715200000, 0x0000000715200000| Untracked 
|  89|0x0000000715400000, 0x0000000715400000, 0x0000000715600000|  0%| F|  |TAMS 0x0000000715400000, 0x0000000715400000| Untracked 
|  90|0x0000000715600000, 0x0000000715600000, 0x0000000715800000|  0%| F|  |TAMS 0x0000000715600000, 0x0000000715600000| Untracked 
|  91|0x0000000715800000, 0x0000000715800000, 0x0000000715a00000|  0%| F|  |TAMS 0x0000000715800000, 0x0000000715800000| Untracked 
|  92|0x0000000715a00000, 0x0000000715a00000, 0x0000000715c00000|  0%| F|  |TAMS 0x0000000715a00000, 0x0000000715a00000| Untracked 
|  93|0x0000000715c00000, 0x0000000715c00000, 0x0000000715e00000|  0%| F|  |TAMS 0x0000000715c00000, 0x0000000715c00000| Untracked 
|  94|0x0000000715e00000, 0x0000000715e00000, 0x0000000716000000|  0%| F|  |TAMS 0x0000000715e00000, 0x0000000715e00000| Untracked 
|  95|0x0000000716000000, 0x0000000716000000, 0x0000000716200000|  0%| F|  |TAMS 0x0000000716000000, 0x0000000716000000| Untracked 
|  96|0x0000000716200000, 0x0000000716200000, 0x0000000716400000|  0%| F|  |TAMS 0x0000000716200000, 0x0000000716200000| Untracked 
|  97|0x0000000716400000, 0x0000000716400000, 0x0000000716600000|  0%| F|  |TAMS 0x0000000716400000, 0x0000000716400000| Untracked 
|  98|0x0000000716600000, 0x0000000716600000, 0x0000000716800000|  0%| F|  |TAMS 0x0000000716600000, 0x0000000716600000| Untracked 
|  99|0x0000000716800000, 0x0000000716800000, 0x0000000716a00000|  0%| F|  |TAMS 0x0000000716800000, 0x0000000716800000| Untracked 
| 100|0x0000000716a00000, 0x0000000716a00000, 0x0000000716c00000|  0%| F|  |TAMS 0x0000000716a00000, 0x0000000716a00000| Untracked 
| 101|0x0000000716c00000, 0x0000000716c00000, 0x0000000716e00000|  0%| F|  |TAMS 0x0000000716c00000, 0x0000000716c00000| Untracked 
| 102|0x0000000716e00000, 0x0000000716e00000, 0x0000000717000000|  0%| F|  |TAMS 0x0000000716e00000, 0x0000000716e00000| Untracked 
| 103|0x0000000717000000, 0x0000000717000000, 0x0000000717200000|  0%| F|  |TAMS 0x0000000717000000, 0x0000000717000000| Untracked 
| 104|0x0000000717200000, 0x0000000717200000, 0x0000000717400000|  0%| F|  |TAMS 0x0000000717200000, 0x0000000717200000| Untracked 
| 105|0x0000000717400000, 0x0000000717400000, 0x0000000717600000|  0%| F|  |TAMS 0x0000000717400000, 0x0000000717400000| Untracked 
| 106|0x0000000717600000, 0x0000000717600000, 0x0000000717800000|  0%| F|  |TAMS 0x0000000717600000, 0x0000000717600000| Untracked 
| 107|0x0000000717800000, 0x0000000717800000, 0x0000000717a00000|  0%| F|  |TAMS 0x0000000717800000, 0x0000000717800000| Untracked 
| 108|0x0000000717a00000, 0x0000000717a00000, 0x0000000717c00000|  0%| F|  |TAMS 0x0000000717a00000, 0x0000000717a00000| Untracked 
| 109|0x0000000717c00000, 0x0000000717c00000, 0x0000000717e00000|  0%| F|  |TAMS 0x0000000717c00000, 0x0000000717c00000| Untracked 
| 110|0x0000000717e00000, 0x0000000717e00000, 0x0000000718000000|  0%| F|  |TAMS 0x0000000717e00000, 0x0000000717e00000| Untracked 
| 111|0x0000000718000000, 0x0000000718000000, 0x0000000718200000|  0%| F|  |TAMS 0x0000000718000000, 0x0000000718000000| Untracked 
| 112|0x0000000718200000, 0x0000000718200000, 0x0000000718400000|  0%| F|  |TAMS 0x0000000718200000, 0x0000000718200000| Untracked 
| 113|0x0000000718400000, 0x0000000718400000, 0x0000000718600000|  0%| F|  |TAMS 0x0000000718400000, 0x0000000718400000| Untracked 
| 114|0x0000000718600000, 0x0000000718600000, 0x0000000718800000|  0%| F|  |TAMS 0x0000000718600000, 0x0000000718600000| Untracked 
| 115|0x0000000718800000, 0x0000000718800000, 0x0000000718a00000|  0%| F|  |TAMS 0x0000000718800000, 0x0000000718800000| Untracked 
| 116|0x0000000718a00000, 0x0000000718a00000, 0x0000000718c00000|  0%| F|  |TAMS 0x0000000718a00000, 0x0000000718a00000| Untracked 
| 117|0x0000000718c00000, 0x0000000718c00000, 0x0000000718e00000|  0%| F|  |TAMS 0x0000000718c00000, 0x0000000718c00000| Untracked 
| 118|0x0000000718e00000, 0x0000000718e00000, 0x0000000719000000|  0%| F|  |TAMS 0x0000000718e00000, 0x0000000718e00000| Untracked 
| 119|0x0000000719000000, 0x0000000719000000, 0x0000000719200000|  0%| F|  |TAMS 0x0000000719000000, 0x0000000719000000| Untracked 
| 120|0x0000000719200000, 0x0000000719200000, 0x0000000719400000|  0%| F|  |TAMS 0x0000000719200000, 0x0000000719200000| Untracked 
| 121|0x0000000719400000, 0x0000000719400000, 0x0000000719600000|  0%| F|  |TAMS 0x0000000719400000, 0x0000000719400000| Untracked 
| 122|0x0000000719600000, 0x0000000719600000, 0x0000000719800000|  0%| F|  |TAMS 0x0000000719600000, 0x0000000719600000| Untracked 
| 123|0x0000000719800000, 0x0000000719800000, 0x0000000719a00000|  0%| F|  |TAMS 0x0000000719800000, 0x0000000719800000| Untracked 
| 124|0x0000000719a00000, 0x0000000719a00000, 0x0000000719c00000|  0%| F|  |TAMS 0x0000000719a00000, 0x0000000719a00000| Untracked 
| 125|0x0000000719c00000, 0x0000000719c00000, 0x0000000719e00000|  0%| F|  |TAMS 0x0000000719c00000, 0x0000000719c00000| Untracked 
| 126|0x0000000719e00000, 0x0000000719e00000, 0x000000071a000000|  0%| F|  |TAMS 0x0000000719e00000, 0x0000000719e00000| Untracked 
| 127|0x000000071a000000, 0x000000071a000000, 0x000000071a200000|  0%| F|  |TAMS 0x000000071a000000, 0x000000071a000000| Untracked 
| 128|0x000000071a200000, 0x000000071a200000, 0x000000071a400000|  0%| F|  |TAMS 0x000000071a200000, 0x000000071a200000| Untracked 
| 129|0x000000071a400000, 0x000000071a400000, 0x000000071a600000|  0%| F|  |TAMS 0x000000071a400000, 0x000000071a400000| Untracked 
| 130|0x000000071a600000, 0x000000071a600000, 0x000000071a800000|  0%| F|  |TAMS 0x000000071a600000, 0x000000071a600000| Untracked 
| 131|0x000000071a800000, 0x000000071a800000, 0x000000071aa00000|  0%| F|  |TAMS 0x000000071a800000, 0x000000071a800000| Untracked 
| 132|0x000000071aa00000, 0x000000071aa00000, 0x000000071ac00000|  0%| F|  |TAMS 0x000000071aa00000, 0x000000071aa00000| Untracked 
| 133|0x000000071ac00000, 0x000000071ac00000, 0x000000071ae00000|  0%| F|  |TAMS 0x000000071ac00000, 0x000000071ac00000| Untracked 
| 134|0x000000071ae00000, 0x000000071ae00000, 0x000000071b000000|  0%| F|  |TAMS 0x000000071ae00000, 0x000000071ae00000| Untracked 
| 135|0x000000071b000000, 0x000000071b000000, 0x000000071b200000|  0%| F|  |TAMS 0x000000071b000000, 0x000000071b000000| Untracked 
| 136|0x000000071b200000, 0x000000071b200000, 0x000000071b400000|  0%| F|  |TAMS 0x000000071b200000, 0x000000071b200000| Untracked 
| 137|0x000000071b400000, 0x000000071b400000, 0x000000071b600000|  0%| F|  |TAMS 0x000000071b400000, 0x000000071b400000| Untracked 
| 138|0x000000071b600000, 0x000000071b600000, 0x000000071b800000|  0%| F|  |TAMS 0x000000071b600000, 0x000000071b600000| Untracked 
| 139|0x000000071b800000, 0x000000071b800000, 0x000000071ba00000|  0%| F|  |TAMS 0x000000071b800000, 0x000000071b800000| Untracked 
| 140|0x000000071ba00000, 0x000000071ba00000, 0x000000071bc00000|  0%| F|  |TAMS 0x000000071ba00000, 0x000000071ba00000| Untracked 
| 141|0x000000071bc00000, 0x000000071bc00000, 0x000000071be00000|  0%| F|  |TAMS 0x000000071bc00000, 0x000000071bc00000| Untracked 
| 142|0x000000071be00000, 0x000000071be00000, 0x000000071c000000|  0%| F|  |TAMS 0x000000071be00000, 0x000000071be00000| Untracked 
| 143|0x000000071c000000, 0x000000071c000000, 0x000000071c200000|  0%| F|  |TAMS 0x000000071c000000, 0x000000071c000000| Untracked 
| 144|0x000000071c200000, 0x000000071c200000, 0x000000071c400000|  0%| F|  |TAMS 0x000000071c200000, 0x000000071c200000| Untracked 
| 145|0x000000071c400000, 0x000000071c400000, 0x000000071c600000|  0%| F|  |TAMS 0x000000071c400000, 0x000000071c400000| Untracked 
| 146|0x000000071c600000, 0x000000071c600000, 0x000000071c800000|  0%| F|  |TAMS 0x000000071c600000, 0x000000071c600000| Untracked 
| 147|0x000000071c800000, 0x000000071c800000, 0x000000071ca00000|  0%| F|  |TAMS 0x000000071c800000, 0x000000071c800000| Untracked 

Card table byte_map: [0x00000224ff2d0000,0x00000224ffa80000] _byte_map_base: 0x00000224fba7f000

Marking Bits (Prev, Next): (CMBitMap*) 0x00000224f6af39c0, (CMBitMap*) 0x00000224f6af3a00
 Prev Bits: [0x000002248f7b0000, 0x0000022493528000)
 Next Bits: [0x0000022493530000, 0x00000224972a8000)

Polling page: 0x00000224f4a00000

Metaspace:

Usage:
  Non-class:      9.02 MB used.
      Class:      1.18 MB used.
       Both:     10.20 MB used.

Virtual space:
  Non-class space:       16.00 MB reserved,       9.12 MB ( 57%) committed,  2 nodes.
      Class space:        1.00 GB reserved,       1.31 MB ( <1%) committed,  1 nodes.
             Both:        1.02 GB reserved,      10.44 MB (  1%) committed. 

Chunk freelists:
   Non-Class:  2.09 MB
       Class:  2.55 MB
        Both:  4.64 MB

MaxMetaspaceSize: unlimited
CompressedClassSpaceSize: 1.00 GB
Initial GC threshold: 21.00 MB
Current GC threshold: 21.00 MB
CDS: on
MetaspaceReclaimPolicy: balanced
 - commit_granule_bytes: 65536.
 - commit_granule_words: 8192.
 - virtual_space_node_default_size: 1048576.
 - enlarge_chunks_in_place: 1.
 - new_chunks_are_fully_committed: 0.
 - uncommit_free_chunks: 1.
 - use_allocation_guard: 0.
 - handle_deallocations: 1.


Internal statistics:

num_allocs_failed_limit: 0.
num_arena_births: 68.
num_arena_deaths: 0.
num_vsnodes_births: 3.
num_vsnodes_deaths: 0.
num_space_committed: 166.
num_space_uncommitted: 0.
num_chunks_returned_to_freelist: 0.
num_chunks_taken_from_freelist: 271.
num_chunk_merges: 0.
num_chunk_splits: 189.
num_chunks_enlarged: 151.
num_purges: 0.
num_inconsistent_stats: 0.

CodeHeap 'non-profiled nmethods': size=119168Kb used=1094Kb max_used=1094Kb free=118073Kb
 bounds [0x0000022487ba0000, 0x0000022487e10000, 0x000002248f000000]
CodeHeap 'profiled nmethods': size=119104Kb used=3775Kb max_used=3775Kb free=115328Kb
 bounds [0x0000022480750000, 0x0000022480b00000, 0x0000022487ba0000]
CodeHeap 'non-nmethods': size=7488Kb used=2901Kb max_used=2955Kb free=4586Kb
 bounds [0x0000022480000000, 0x00000224802f0000, 0x0000022480750000]
 total_blobs=2418 nmethods=1899 adapters=429
 compilation: enabled
              stopped_count=0, restarted_count=0
 full_count=0

Compilation events (20 events):
Event: 9.744 Thread 0x000002249d5482c0 nmethod 1900 0x0000022480afe610 code [0x0000022480afe800, 0x0000022480afede8]
Event: 9.744 Thread 0x000002249bcc1470 nmethod 1898 0x0000022480aff010 code [0x0000022480aff200, 0x0000022480aff7e8]
Event: 9.745 Thread 0x000002249bac3780 1901       4       java.lang.Integer::doubleValue (6 bytes)
Event: 9.745 Thread 0x000002249bac3780 nmethod 1901 0x0000022487cae090 code [0x0000022487cae200, 0x0000022487cae278]
Event: 9.747 Thread 0x000002249b7c7100 1902       4       java.util.HashMap::containsKey (14 bytes)
Event: 9.747 Thread 0x000002249b95b250 1903       4       java.lang.Integer::equals (29 bytes)
Event: 9.747 Thread 0x000002249a80e9a0 1904       4       java.util.HashMap::getNode (150 bytes)
Event: 9.747 Thread 0x000002249c017c30 1905       4       com.google.common.collect.Hashing::smear (19 bytes)
Event: 9.747 Thread 0x000002249bac3780 1906       4       com.google.common.collect.RegularImmutableMap::get (13 bytes)
Event: 9.747 Thread 0x000002249bfb12b0 1907       4       com.google.common.collect.RegularImmutableMap::get (64 bytes)
Event: 9.748 Thread 0x000002249b41fae0 1908       4       com.optimaize.langdetect.profiles.LanguageProfileImpl::getNumGramOccurrences (31 bytes)
Event: 9.749 Thread 0x000002249c017c30 nmethod 1905 0x0000022487cae390 code [0x0000022487cae500, 0x0000022487cae578]
Event: 9.749 Thread 0x000002249b95b250 nmethod 1903 0x0000022487cae690 code [0x0000022487cae800, 0x0000022487cae8b8]
Event: 9.751 Thread 0x000002249bac3780 nmethod 1906 0x0000022487cae990 code [0x0000022487caeb20, 0x0000022487caecb8]
Event: 9.751 Thread 0x000002249bfb12b0 nmethod 1907 0x0000022487caee90 code [0x0000022487caf020, 0x0000022487caf198]
Event: 9.752 Thread 0x000002249b41fae0 nmethod 1908 0x0000022487caf390 code [0x0000022487caf520, 0x0000022487caf6f8]
Event: 9.757 Thread 0x000002249a8c5ae0 1909       3       java.util.Arrays::copyOf (10 bytes)
Event: 9.758 Thread 0x000002249a8c5ae0 nmethod 1909 0x0000022480affa10 code [0x0000022480affbc0, 0x0000022480affd08]
Event: 9.759 Thread 0x000002249a80e9a0 nmethod 1904 0x0000022487cafa10 code [0x0000022487cafbc0, 0x0000022487cb04b8]
Event: 9.759 Thread 0x000002249b7c7100 nmethod 1902 0x0000022487cb0910 code [0x0000022487cb0ac0, 0x0000022487cb1418]

GC Heap History (17 events):
Event: 2.071 GC heap before
{Heap before GC invocations=0 (full 0):
 garbage-first heap   total 251904K, used 20480K [0x000000070a200000, 0x0000000800000000)
  region size 2048K, 11 young (22528K), 0 survivors (0K)
 Metaspace       used 5600K, committed 5760K, reserved 1056768K
  class space    used 687K, committed 768K, reserved 1048576K
}
Event: 2.104 GC heap after
{Heap after GC invocations=1 (full 0):
 garbage-first heap   total 251904K, used 7363K [0x000000070a200000, 0x0000000800000000)
  region size 2048K, 2 young (4096K), 2 survivors (4096K)
 Metaspace       used 5600K, committed 5760K, reserved 1056768K
  class space    used 687K, committed 768K, reserved 1048576K
}
Event: 4.694 GC heap before
{Heap before GC invocations=1 (full 0):
 garbage-first heap   total 251904K, used 29891K [0x000000070a200000, 0x0000000800000000)
  region size 2048K, 13 young (26624K), 2 survivors (4096K)
 Metaspace       used 9589K, committed 9728K, reserved 1064960K
  class space    used 1101K, committed 1152K, reserved 1048576K
}
Event: 4.722 GC heap after
{Heap after GC invocations=2 (full 0):
 garbage-first heap   total 251904K, used 9119K [0x000000070a200000, 0x0000000800000000)
  region size 2048K, 1 young (2048K), 1 survivors (2048K)
 Metaspace       used 9589K, committed 9728K, reserved 1064960K
  class space    used 1101K, committed 1152K, reserved 1048576K
}
Event: 5.811 GC heap before
{Heap before GC invocations=2 (full 0):
 garbage-first heap   total 251904K, used 56223K [0x000000070a200000, 0x0000000800000000)
  region size 2048K, 24 young (49152K), 1 survivors (2048K)
 Metaspace       used 9609K, committed 9728K, reserved 1064960K
  class space    used 1101K, committed 1152K, reserved 1048576K
}
Event: 5.836 GC heap after
{Heap after GC invocations=3 (full 0):
 garbage-first heap   total 251904K, used 11181K [0x000000070a200000, 0x0000000800000000)
  region size 2048K, 2 young (4096K), 2 survivors (4096K)
 Metaspace       used 9609K, committed 9728K, reserved 1064960K
  class space    used 1101K, committed 1152K, reserved 1048576K
}
Event: 7.568 GC heap before
{Heap before GC invocations=3 (full 0):
 garbage-first heap   total 251904K, used 156589K [0x000000070a200000, 0x0000000800000000)
  region size 2048K, 73 young (149504K), 2 survivors (4096K)
 Metaspace       used 9763K, committed 9920K, reserved 1064960K
  class space    used 1112K, committed 1152K, reserved 1048576K
}
Event: 7.655 GC heap after
{Heap after GC invocations=4 (full 0):
 garbage-first heap   total 251904K, used 20584K [0x000000070a200000, 0x0000000800000000)
  region size 2048K, 7 young (14336K), 7 survivors (14336K)
 Metaspace       used 9763K, committed 9920K, reserved 1064960K
  class space    used 1112K, committed 1152K, reserved 1048576K
}
Event: 8.334 GC heap before
{Heap before GC invocations=4 (full 0):
 garbage-first heap   total 251904K, used 157800K [0x000000070a200000, 0x0000000800000000)
  region size 2048K, 73 young (149504K), 7 survivors (14336K)
 Metaspace       used 9767K, committed 9920K, reserved 1064960K
  class space    used 1112K, committed 1152K, reserved 1048576K
}
Event: 8.468 GC heap after
{Heap after GC invocations=5 (full 0):
 garbage-first heap   total 303104K, used 30542K [0x000000070a200000, 0x0000000800000000)
  region size 2048K, 9 young (18432K), 9 survivors (18432K)
 Metaspace       used 9767K, committed 9920K, reserved 1064960K
  class space    used 1112K, committed 1152K, reserved 1048576K
}
Event: 9.083 GC heap before
{Heap before GC invocations=5 (full 0):
 garbage-first heap   total 303104K, used 126798K [0x000000070a200000, 0x0000000800000000)
  region size 2048K, 56 young (114688K), 9 survivors (18432K)
 Metaspace       used 9770K, committed 9920K, reserved 1064960K
  class space    used 1112K, committed 1152K, reserved 1048576K
}
Event: 9.191 GC heap after
{Heap after GC invocations=6 (full 0):
 garbage-first heap   total 303104K, used 36531K [0x000000070a200000, 0x0000000800000000)
  region size 2048K, 4 young (8192K), 4 survivors (8192K)
 Metaspace       used 9770K, committed 9920K, reserved 1064960K
  class space    used 1112K, committed 1152K, reserved 1048576K
}
Event: 9.387 GC heap before
{Heap before GC invocations=6 (full 0):
 garbage-first heap   total 303104K, used 212659K [0x000000070a200000, 0x0000000800000000)
  region size 2048K, 88 young (180224K), 4 survivors (8192K)
 Metaspace       used 9781K, committed 9920K, reserved 1064960K
  class space    used 1112K, committed 1152K, reserved 1048576K
}
Event: 9.399 GC heap after
{Heap after GC invocations=7 (full 0):
 garbage-first heap   total 303104K, used 47516K [0x000000070a200000, 0x0000000800000000)
  region size 2048K, 7 young (14336K), 7 survivors (14336K)
 Metaspace       used 9781K, committed 9920K, reserved 1064960K
  class space    used 1112K, committed 1152K, reserved 1048576K
}
Event: 9.401 GC heap before
{Heap before GC invocations=7 (full 0):
 garbage-first heap   total 303104K, used 49564K [0x000000070a200000, 0x0000000800000000)
  region size 2048K, 8 young (16384K), 7 survivors (14336K)
 Metaspace       used 9781K, committed 9920K, reserved 1064960K
  class space    used 1112K, committed 1152K, reserved 1048576K
}
Event: 9.408 GC heap after
{Heap after GC invocations=8 (full 0):
 garbage-first heap   total 303104K, used 49611K [0x000000070a200000, 0x0000000800000000)
  region size 2048K, 1 young (2048K), 1 survivors (2048K)
 Metaspace       used 9781K, committed 9920K, reserved 1064960K
  class space    used 1112K, committed 1152K, reserved 1048576K
}
Event: 9.763 GC heap before
{Heap before GC invocations=8 (full 0):
 garbage-first heap   total 303104K, used 227787K [0x000000070a200000, 0x0000000800000000)
  region size 2048K, 88 young (180224K), 1 survivors (2048K)
 Metaspace       used 10448K, committed 10688K, reserved 1064960K
  class space    used 1209K, committed 1344K, reserved 1048576K
}

Deoptimization events (20 events):
Event: 9.658 Thread 0x00000224f6aa69d0 DEOPT PACKING pc=0x0000022480acc591 sp=0x0000002d7b4fe680
Event: 9.658 Thread 0x00000224f6aa69d0 DEOPT UNPACKING pc=0x0000022480052b43 sp=0x0000002d7b4fdb48 mode 0
Event: 9.662 Thread 0x00000224f6aa69d0 DEOPT PACKING pc=0x0000022480acc591 sp=0x0000002d7b4fe680
Event: 9.662 Thread 0x00000224f6aa69d0 DEOPT UNPACKING pc=0x0000022480052b43 sp=0x0000002d7b4fdb48 mode 0
Event: 9.671 Thread 0x00000224f6aa69d0 DEOPT PACKING pc=0x0000022480acc591 sp=0x0000002d7b4fe680
Event: 9.671 Thread 0x00000224f6aa69d0 DEOPT UNPACKING pc=0x0000022480052b43 sp=0x0000002d7b4fdb48 mode 0
Event: 9.674 Thread 0x00000224f6aa69d0 DEOPT PACKING pc=0x0000022480acc591 sp=0x0000002d7b4fe680
Event: 9.674 Thread 0x00000224f6aa69d0 DEOPT UNPACKING pc=0x0000022480052b43 sp=0x0000002d7b4fdb48 mode 0
Event: 9.676 Thread 0x00000224f6aa69d0 DEOPT PACKING pc=0x0000022480acc591 sp=0x0000002d7b4fe680
Event: 9.676 Thread 0x00000224f6aa69d0 DEOPT UNPACKING pc=0x0000022480052b43 sp=0x0000002d7b4fdb48 mode 0
Event: 9.678 Thread 0x00000224f6aa69d0 DEOPT PACKING pc=0x0000022480ad3aaa sp=0x0000002d7b4fea80
Event: 9.678 Thread 0x00000224f6aa69d0 DEOPT UNPACKING pc=0x0000022480052b43 sp=0x0000002d7b4fdf30 mode 0
Event: 9.679 Thread 0x00000224f6aa69d0 DEOPT PACKING pc=0x0000022480acc591 sp=0x0000002d7b4fe680
Event: 9.679 Thread 0x00000224f6aa69d0 DEOPT UNPACKING pc=0x0000022480052b43 sp=0x0000002d7b4fdb48 mode 0
Event: 9.682 Thread 0x00000224f6aa69d0 DEOPT PACKING pc=0x0000022480acc591 sp=0x0000002d7b4fe680
Event: 9.682 Thread 0x00000224f6aa69d0 DEOPT UNPACKING pc=0x0000022480052b43 sp=0x0000002d7b4fdb48 mode 0
Event: 9.685 Thread 0x00000224f6aa69d0 DEOPT PACKING pc=0x0000022480acc591 sp=0x0000002d7b4fe680
Event: 9.685 Thread 0x00000224f6aa69d0 DEOPT UNPACKING pc=0x0000022480052b43 sp=0x0000002d7b4fdb48 mode 0
Event: 9.688 Thread 0x00000224f6aa69d0 DEOPT PACKING pc=0x0000022480acc591 sp=0x0000002d7b4fe7b0
Event: 9.688 Thread 0x00000224f6aa69d0 DEOPT UNPACKING pc=0x0000022480052b43 sp=0x0000002d7b4fdc78 mode 0

Classes unloaded (0 events):
No events

Classes redefined (0 events):
No events

Internal exceptions (13 events):
Event: 0.245 Thread 0x00000224f6aa69d0 Exception <a 'java/lang/ClassNotFoundException'{0x0000000718d2a618}: javax/smartcardio/CardPermission> (0x0000000718d2a618) 
thrown [t:\workspace\open\src\hotspot\share\classfile\systemDictionary.cpp, line 256]
Event: 0.248 Thread 0x00000224f6aa69d0 Exception <a 'java/io/FileNotFoundException'{0x0000000718d38580}> (0x0000000718d38580) 
thrown [t:\workspace\open\src\hotspot\share\prims\jni.cpp, line 516]
Event: 0.274 Thread 0x00000224f6aa69d0 Exception <a 'java/lang/NoSuchMethodError'{0x0000000718dd7d30}: 'void java.lang.invoke.DirectMethodHandle$Holder.invokeStatic(java.lang.Object, java.lang.Object, java.lang.Object)'> (0x0000000718dd7d30) 
thrown [t:\workspace\open\src\hotspot\share\interpreter\linkResolver.cpp, line 766]
Event: 0.359 Thread 0x00000224f6aa69d0 Exception <a 'java/lang/NoSuchMethodError'{0x0000000718b97d88}: 'void java.lang.invoke.DirectMethodHandle$Holder.invokeSpecialIFC(java.lang.Object, java.lang.Object, java.lang.Object, java.lang.Object, java.lang.Object)'> (0x0000000718b97d88) 
thrown [t:\workspace\open\src\hotspot\share\interpreter\linkResolver.cpp, line 766]
Event: 0.360 Thread 0x00000224f6aa69d0 Exception <a 'java/lang/NoSuchMethodError'{0x0000000718ba0140}: 'void java.lang.invoke.DirectMethodHandle$Holder.invokeStatic(java.lang.Object, java.lang.Object, java.lang.Object, java.lang.Object)'> (0x0000000718ba0140) 
thrown [t:\workspace\open\src\hotspot\share\interpreter\linkResolver.cpp, line 766]
Event: 0.361 Thread 0x00000224f6aa69d0 Exception <a 'java/lang/NoSuchMethodError'{0x0000000718ba97e0}: 'int java.lang.invoke.DirectMethodHandle$Holder.invokeSpecial(java.lang.Object, java.lang.Object, java.lang.Object)'> (0x0000000718ba97e0) 
thrown [t:\workspace\open\src\hotspot\share\interpreter\linkResolver.cpp, line 766]
Event: 0.376 Thread 0x00000224f6aa69d0 Exception <a 'java/lang/NoSuchMethodError'{0x00000007188635e0}: 'java.lang.Object java.lang.invoke.DirectMethodHandle$Holder.invokeStaticInit(java.lang.Object, java.lang.Object, java.lang.Object)'> (0x00000007188635e0) 
thrown [t:\workspace\open\src\hotspot\share\interpreter\linkResolver.cpp, line 766]
Event: 2.586 Thread 0x00000224f6aa69d0 Exception <a 'java/lang/NoClassDefFoundError'{0x0000000719475f48}: org/apache/log4j/Priority> (0x0000000719475f48) 
thrown [t:\workspace\open\src\hotspot\share\classfile\systemDictionary.cpp, line 245]
Event: 2.801 Thread 0x00000224f6aa69d0 Exception <a 'java/lang/ClassNotFoundException'{0x00000007194f81a8}: com/sun/org/apache/xerces/internal/impl/xpath/regex/spi/messageProvider> (0x00000007194f81a8) 
thrown [t:\workspace\open\src\hotspot\share\classfile\systemDictionary.cpp, line 256]
Event: 3.010 Thread 0x00000224f6aa69d0 Exception <a 'java/lang/NoSuchMethodError'{0x000000071953cec8}: 'void java.lang.invoke.DirectMethodHandle$Holder.invokeSpecial(java.lang.Object, java.lang.Object, java.lang.Object)'> (0x000000071953cec8) 
thrown [t:\workspace\open\src\hotspot\share\interpreter\linkResolver.cpp, line 766]
Event: 4.294 Thread 0x00000224f6aa69d0 Exception <a 'java/lang/NoSuchMethodError'{0x0000000718e1ba80}: 'int java.lang.invoke.DirectMethodHandle$Holder.invokeStatic(java.lang.Object, java.lang.Object, int)'> (0x0000000718e1ba80) 
thrown [t:\workspace\open\src\hotspot\share\interpreter\linkResolver.cpp, line 766]
Event: 4.314 Thread 0x00000224f6aa69d0 Exception <a 'java/lang/NoSuchMethodError'{0x0000000718e2e4a0}: 'java.lang.Object java.lang.invoke.DirectMethodHandle$Holder.invokeInterface(java.lang.Object, java.lang.Object)'> (0x0000000718e2e4a0) 
thrown [t:\workspace\open\src\hotspot\share\interpreter\linkResolver.cpp, line 766]
Event: 4.317 Thread 0x00000224f6aa69d0 Exception <a 'java/lang/IncompatibleClassChangeError'{0x0000000718e319f0}: Found class java.lang.Object, but interface was expected> (0x0000000718e319f0) 
thrown [t:\workspace\open\src\hotspot\share\interpreter\linkResolver.cpp, line 833]

VM Operations (20 events):
Event: 5.837 Executing VM operation: G1CollectForAllocation done
Event: 6.231 Executing VM operation: ThreadDump
Event: 6.241 Executing VM operation: ThreadDump done
Event: 7.231 Executing VM operation: ThreadDump
Event: 7.232 Executing VM operation: ThreadDump done
Event: 7.567 Executing VM operation: G1CollectForAllocation
Event: 7.656 Executing VM operation: G1CollectForAllocation done
Event: 8.231 Executing VM operation: ThreadDump
Event: 8.232 Executing VM operation: ThreadDump done
Event: 8.333 Executing VM operation: G1CollectForAllocation
Event: 8.468 Executing VM operation: G1CollectForAllocation done
Event: 9.083 Executing VM operation: G1CollectForAllocation
Event: 9.193 Executing VM operation: G1CollectForAllocation done
Event: 9.231 Executing VM operation: ThreadDump
Event: 9.232 Executing VM operation: ThreadDump done
Event: 9.387 Executing VM operation: G1CollectForAllocation
Event: 9.399 Executing VM operation: G1CollectForAllocation done
Event: 9.401 Executing VM operation: G1CollectForAllocation
Event: 9.408 Executing VM operation: G1CollectForAllocation done
Event: 9.763 Executing VM operation: G1CollectForAllocation

Events (20 events):
Event: 6.877 loading class java/text/CharacterIterator
Event: 6.878 loading class java/text/CharacterIterator done
Event: 6.878 loading class java/text/StringCharacterIterator done
Event: 7.086 Thread 0x000002249b7dde80 Thread exited: 0x000002249b7dde80
Event: 7.086 Thread 0x000002249b9c81f0 Thread exited: 0x000002249b9c81f0
Event: 7.965 Thread 0x000002249b95e080 Thread exited: 0x000002249b95e080
Event: 7.965 Thread 0x000002249b7dd570 Thread exited: 0x000002249b7dd570
Event: 9.444 Thread 0x000002249bcc1470 Thread added: 0x000002249bcc1470
Event: 9.445 Thread 0x000002249d5482c0 Thread added: 0x000002249d5482c0
Event: 9.449 loading class java/io/FileFilter
Event: 9.449 loading class java/io/FileFilter done
Event: 9.453 loading class java/util/regex/Pattern$1
Event: 9.453 loading class java/util/regex/Pattern$1 done
Event: 9.475 loading class java/util/NoSuchElementException
Event: 9.475 loading class java/util/NoSuchElementException done
Event: 9.521 Thread 0x000002249b95b250 Thread added: 0x000002249b95b250
Event: 9.521 Thread 0x000002249c017c30 Thread added: 0x000002249c017c30
Event: 9.521 Thread 0x000002249d027860 Thread added: 0x000002249d027860
Event: 9.521 Thread 0x000002249bfb12b0 Thread added: 0x000002249bfb12b0
Event: 9.521 Thread 0x000002249bac3780 Thread added: 0x000002249bac3780


Dynamic libraries:
0x00007ff798020000 - 0x00007ff798030000 	C:\Program Files\Java\jdk-17.0.1\bin\java.exe
0x00007ffced5b0000 - 0x00007ffced7c7000 	C:\WINDOWS\SYSTEM32\ntdll.dll
0x00007ffcece50000 - 0x00007ffcecf14000 	C:\WINDOWS\System32\KERNEL32.DLL
0x00007ffceadc0000 - 0x00007ffceb16c000 	C:\WINDOWS\System32\KERNELBASE.dll
0x00007ffcea950000 - 0x00007ffceaa61000 	C:\WINDOWS\System32\ucrtbase.dll
0x00007ffce4000000 - 0x00007ffce4018000 	C:\Program Files\Java\jdk-17.0.1\bin\jli.dll
0x00007ffce11f0000 - 0x00007ffce120a000 	C:\Program Files\Java\jdk-17.0.1\bin\VCRUNTIME140.dll
0x00007ffcebc60000 - 0x00007ffcebd12000 	C:\WINDOWS\System32\ADVAPI32.dll
0x00007ffcec590000 - 0x00007ffcec637000 	C:\WINDOWS\System32\msvcrt.dll
0x00007ffcebb80000 - 0x00007ffcebc2a000 	C:\WINDOWS\System32\sechost.dll
0x00007ffceb2c0000 - 0x00007ffceb2e8000 	C:\WINDOWS\System32\bcrypt.dll
0x00007ffced120000 - 0x00007ffced235000 	C:\WINDOWS\System32\RPCRT4.dll
0x00007ffcec2f0000 - 0x00007ffcec49e000 	C:\WINDOWS\System32\USER32.dll
0x00007ffceb170000 - 0x00007ffceb196000 	C:\WINDOWS\System32\win32u.dll
0x00007ffcdaec0000 - 0x00007ffcdb153000 	C:\WINDOWS\WinSxS\amd64_microsoft.windows.common-controls_6595b64144ccf1df_6.0.22621.3672_none_2713b9d173822955\COMCTL32.dll
0x00007ffcebc30000 - 0x00007ffcebc59000 	C:\WINDOWS\System32\GDI32.dll
0x00007ffceb1a0000 - 0x00007ffceb2b9000 	C:\WINDOWS\System32\gdi32full.dll
0x00007ffcead20000 - 0x00007ffceadba000 	C:\WINDOWS\System32\msvcp_win.dll
0x00007ffcdfea0000 - 0x00007ffcdfeaa000 	C:\WINDOWS\SYSTEM32\VERSION.dll
0x00007ffcecf20000 - 0x00007ffcecf51000 	C:\WINDOWS\System32\IMM32.DLL
0x00007ffce3ff0000 - 0x00007ffce3ffc000 	C:\Program Files\Java\jdk-17.0.1\bin\vcruntime140_1.dll
0x00007ffcc8570000 - 0x00007ffcc85fd000 	C:\Program Files\Java\jdk-17.0.1\bin\msvcp140.dll
0x00007ffcbeda0000 - 0x00007ffcbf95e000 	C:\Program Files\Java\jdk-17.0.1\bin\server\jvm.dll
0x00007ffcec280000 - 0x00007ffcec288000 	C:\WINDOWS\System32\PSAPI.DLL
0x00007ffccf250000 - 0x00007ffccf259000 	C:\WINDOWS\SYSTEM32\WSOCK32.dll
0x00007ffcebe70000 - 0x00007ffcebee1000 	C:\WINDOWS\System32\WS2_32.dll
0x00007ffce4b00000 - 0x00007ffce4b34000 	C:\WINDOWS\SYSTEM32\WINMM.dll
0x00007ffce98f0000 - 0x00007ffce9908000 	C:\WINDOWS\SYSTEM32\kernel.appcore.dll
0x00007ffce13d0000 - 0x00007ffce13da000 	C:\Program Files\Java\jdk-17.0.1\bin\jimage.dll
0x00007ffce8180000 - 0x00007ffce83b2000 	C:\WINDOWS\SYSTEM32\DBGHELP.DLL
0x00007ffcebef0000 - 0x00007ffcec278000 	C:\WINDOWS\System32\combase.dll
0x00007ffcec4b0000 - 0x00007ffcec587000 	C:\WINDOWS\System32\OLEAUT32.dll
0x00007ffcd1050000 - 0x00007ffcd1082000 	C:\WINDOWS\SYSTEM32\dbgcore.DLL
0x00007ffceaa70000 - 0x00007ffceaaeb000 	C:\WINDOWS\System32\bcryptPrimitives.dll
0x00007ffcd9140000 - 0x00007ffcd9165000 	C:\Program Files\Java\jdk-17.0.1\bin\java.dll
0x00007ffcc1d00000 - 0x00007ffcc1dd6000 	C:\Program Files\Java\jdk-17.0.1\bin\svml.dll
0x00007ffceb300000 - 0x00007ffcebb5c000 	C:\WINDOWS\System32\SHELL32.dll
0x00007ffce87e0000 - 0x00007ffce90d7000 	C:\WINDOWS\SYSTEM32\windows.storage.dll
0x00007ffce86a0000 - 0x00007ffce87df000 	C:\WINDOWS\SYSTEM32\wintypes.dll
0x00007ffced240000 - 0x00007ffced334000 	C:\WINDOWS\System32\SHCORE.dll
0x00007ffcec290000 - 0x00007ffcec2ee000 	C:\WINDOWS\System32\shlwapi.dll
0x00007ffcea810000 - 0x00007ffcea831000 	C:\WINDOWS\SYSTEM32\profapi.dll
0x00007ffcd9120000 - 0x00007ffcd9139000 	C:\Program Files\Java\jdk-17.0.1\bin\net.dll
0x00007ffce5790000 - 0x00007ffce58c6000 	C:\WINDOWS\SYSTEM32\WINHTTP.dll
0x00007ffce9d80000 - 0x00007ffce9de9000 	C:\WINDOWS\system32\mswsock.dll
0x00007ffcd9050000 - 0x00007ffcd9065000 	C:\Program Files\Java\jdk-17.0.1\bin\nio.dll
0x00007ffcd9030000 - 0x00007ffcd9048000 	C:\Program Files\Java\jdk-17.0.1\bin\zip.dll
0x00007ffcd9110000 - 0x00007ffcd9120000 	C:\Program Files\Java\jdk-17.0.1\bin\verify.dll

dbghelp: loaded successfully - version: 4.0.5 - missing functions: none
symbol engine: initialized successfully - sym options: 0x614 - pdb path: .;C:\Program Files\Java\jdk-17.0.1\bin;C:\WINDOWS\SYSTEM32;C:\WINDOWS\WinSxS\amd64_microsoft.windows.common-controls_6595b64144ccf1df_6.0.22621.3672_none_2713b9d173822955;C:\Program Files\Java\jdk-17.0.1\bin\server

VM Arguments:
java_command: org.languagetool.server.HTTPServer -p 8087
java_class_path (initial): C:\Users\KIIT\.cache\language_tool_python\LanguageTool-6.4\languagetool-server.jar
Launcher Type: SUN_STANDARD

[Global flags]
     intx CICompilerCount                          = 12                                        {product} {ergonomic}
     uint ConcGCThreads                            = 3                                         {product} {ergonomic}
     uint G1ConcRefinementThreads                  = 13                                        {product} {ergonomic}
   size_t G1HeapRegionSize                         = 2097152                                   {product} {ergonomic}
    uintx GCDrainStackTargetSize                   = 64                                        {product} {ergonomic}
   size_t InitialHeapSize                          = 257949696                                 {product} {ergonomic}
   size_t MarkStackSize                            = 4194304                                   {product} {ergonomic}
   size_t MaxHeapSize                              = 4125097984                                {product} {ergonomic}
   size_t MaxNewSize                               = 2474639360                                {product} {ergonomic}
   size_t MinHeapDeltaBytes                        = 2097152                                   {product} {ergonomic}
   size_t MinHeapSize                              = 8388608                                   {product} {ergonomic}
    uintx NonNMethodCodeHeapSize                   = 7602480                                {pd product} {ergonomic}
    uintx NonProfiledCodeHeapSize                  = 122027880                              {pd product} {ergonomic}
    uintx ProfiledCodeHeapSize                     = 122027880                              {pd product} {ergonomic}
    uintx ReservedCodeCacheSize                    = 251658240                              {pd product} {ergonomic}
     bool SegmentedCodeCache                       = true                                      {product} {ergonomic}
   size_t SoftMaxHeapSize                          = 4125097984                             {manageable} {ergonomic}
     bool UseCompressedClassPointers               = true                           {product lp64_product} {ergonomic}
     bool UseCompressedOops                        = true                           {product lp64_product} {ergonomic}
     bool UseG1GC                                  = true                                      {product} {ergonomic}
     bool UseLargePagesIndividualAllocation        = false                                  {pd product} {ergonomic}

Logging:
Log output configuration:
 #0: stdout all=warning uptime,level,tags
 #1: stderr all=off uptime,level,tags

Environment Variables:
PATH=C:\Users\KIIT\Desktop\inscribe\backend\env/Scripts;c:\Users\KIIT\.vscode\extensions\ms-python.python-2024.8.1\python_files\deactivate\powershell;C:\Users\KIIT\Desktop\inscribe\backend\env/Scripts;c:\Users\KIIT\.vscode\extensions\ms-python.python-2024.8.1\python_files\deactivate\powershell;C:\Users\KIIT\Desktop\inscribe\backend\env/Scripts;C:\Program Files\NVIDIA GPU Computing Toolkit\CUDA\v12.5\bin;C:\Program Files\NVIDIA GPU Computing Toolkit\CUDA\v12.5\libnvvp;C:\oraclexe\app\oracle\product\11.2.0\server\bin;C:\Program Files\Common Files\Oracle\Java\javapath;C:\Program Files (x86)\Common Files\Oracle\Java\javapath;C:\WINDOWS\system32;C:\WINDOWS;C:\WINDOWS\System32\Wbem;C:\WINDOWS\System32\WindowsPowerShell\v1.0\;C:\WINDOWS\System32\OpenSSH\;C:\Program Files\dotnet\;C:\MinGW\bin;C:\Program Files\Cloudflare\Cloudflare WARP\;C:\Program Files\Java\jdk-17.0.1;C:\Program Files\nodejs\;C:\Program Files\Git\cmd;C:\Program Files\NVIDIA Corporation\Nsight Compute 2024.2.0\;C:\Program Files (x86)\NVIDIA Corporation\PhysX\Common;C:\Program Files\MySQL\MySQL Shell 8.0\bin\;C:\Users\KIIT\AppData\Local\Programs\Python\Python312\Scripts\;C:\Users\KIIT\AppData\Local\Programs\Python\Python312\;C:\Users\KIIT\AppData\Local\Programs\Python\Launcher\;C:\Users\KIIT\AppData\Local\Microsoft\WindowsApps;C:\Users\KIIT\AppData\Local\Programs\Microsoft VS Code\bin;C:\Users\KIIT\AppData\Local\atom\bin;C:\Program Files\Java\jdk-17.0.1\bin;C:\Users\KIIT\AppData\Local\Microsoft\WindowsApps;C:\Program Files\Java\jdk1.8.0_202\bin;C:\Users\KIIT\AppData\Roaming\npm;C:\Users\KIIT\Desktop\Tanisha-Kiit\Flutter\flutter\bin;C:\Users\KIIT\Downloads\cmake-3.29.0-rc3;
USERNAME=KIIT
LANG=en_US.UTF-8
OS=Windows_NT
PROCESSOR_IDENTIFIER=AMD64 Family 23 Model 104 Stepping 1, AuthenticAMD



---------------  S Y S T E M  ---------------

OS:
 Windows 10 , 64 bit Build 22621 (10.0.22621.3672)
OS uptime: 0 days 5:35 hours
Hyper-V role detected

CPU: total 16 (initial active 16) (16 cores per cpu, 2 threads per core) family 23 model 104 stepping 1 microcode 0x0, cx8, cmov, fxsr, ht, mmx, 3dnowpref, sse, sse2, sse3, ssse3, sse4a, sse4.1, sse4.2, popcnt, lzcnt, tsc, tscinvbit, avx, avx2, aes, clmul, bmi1, bmi2, adx, sha, fma, vzeroupper, clflush, clflushopt, hv

Memory: 4k page, system-wide physical 15734M (3020M free)
TotalPageFile size 34017M (AvailPageFile size 277M)
current process WorkingSet (physical memory assigned to process): 338M, peak: 343M
current process commit charge ("private bytes"): 441M, peak: 1033M

vm_info: Java HotSpot(TM) 64-Bit Server VM (17.0.1+12-LTS-39) for windows-amd64 JRE (17.0.1+12-LTS-39), built on Sep 27 2021 18:41:35 by "mach5one" with MS VC++ 16.8 (VS2019)

END.
